Using pre-set license
Built from '2020.3/staging' branch; Version is '2020.3.5f1 (8095aa901b9b) revision 8426922'; Using compiler version '192528614'; Build Type 'Release'
OS: 'Windows 10 Pro; OS build 19042.1237; Version 2009; 64bit' Language: 'es' Physical Memory: 16313 MB
BatchMode: 1, IsHumanControllingUs: 0, StartBugReporterOnCrash: 0, Is64bit: 1, IsPro: 0

 COMMAND LINE ARGUMENTS:
C:\Program Files\Unity\Hub\Editor\2020.3.5f1\Editor\Unity.exe
-adb2
-batchMode
-noUpm
-name
AssetImportWorker0
-projectPath
D:/ING DE SISTEMAS E INFORMATICA/8VO CICLO/PROGRAMACION DE VIDEOJUEGOS II/SISTEMA SOLAR
-logFile
Logs/AssetImportWorker0.log
-srvPort
55729
Successfully changed project path to: D:/ING DE SISTEMAS E INFORMATICA/8VO CICLO/PROGRAMACION DE VIDEOJUEGOS II/SISTEMA SOLAR
D:/ING DE SISTEMAS E INFORMATICA/8VO CICLO/PROGRAMACION DE VIDEOJUEGOS II/SISTEMA SOLAR
Using Asset Import Pipeline V2.
Refreshing native plugins compatible for Editor in 21.72 ms, found 0 plugins.
Preloading 0 native plugins for Editor in 0.00 ms.
Initialize engine version: 2020.3.5f1 (8095aa901b9b)
[Subsystems] Discovering subsystems at path C:/Program Files/Unity/Hub/Editor/2020.3.5f1/Editor/Data/Resources/UnitySubsystems
[Subsystems] Discovering subsystems at path D:/ING DE SISTEMAS E INFORMATICA/8VO CICLO/PROGRAMACION DE VIDEOJUEGOS II/SISTEMA SOLAR/Assets
GfxDevice: creating device client; threaded=0
Direct3D:
    Version:  Direct3D 11.0 [level 11.1]
    Renderer: Radeon RX 570 Series (ID=0x67df)
    Vendor:   
    VRAM:     4075 MB
    Driver:   27.20.22023.1004
Initialize mono
Mono path[0] = 'C:/Program Files/Unity/Hub/Editor/2020.3.5f1/Editor/Data/Managed'
Mono path[1] = 'C:/Program Files/Unity/Hub/Editor/2020.3.5f1/Editor/Data/MonoBleedingEdge/lib/mono/unityjit'
Mono config path = 'C:/Program Files/Unity/Hub/Editor/2020.3.5f1/Editor/Data/MonoBleedingEdge/etc'
Using monoOptions --debugger-agent=transport=dt_socket,embedding=1,server=y,suspend=n,address=127.0.0.1:56020
Begin MonoManager ReloadAssembly
Registering precompiled unity dll's ...
Register platform support module: C:/Program Files/Unity/Hub/Editor/2020.3.5f1/Editor/Data/PlaybackEngines/WindowsStandaloneSupport/UnityEditor.WindowsStandalone.Extensions.dll
Registered in 0.001915 seconds.
Native extension for WindowsStandalone target not found
Refreshing native plugins compatible for Editor in 22.43 ms, found 0 plugins.
Preloading 0 native plugins for Editor in 0.00 ms.
Mono: successfully reloaded assembly
- Completed reload, in  1.770 seconds
Platform modules already initialized, skipping
Registering precompiled user dll's ...
Registered in 0.000528 seconds.
Begin MonoManager ReloadAssembly
Native extension for WindowsStandalone target not found
Refreshing native plugins compatible for Editor in 0.18 ms, found 0 plugins.
Preloading 0 native plugins for Editor in 0.00 ms.
Mono: successfully reloaded assembly
- Completed reload, in  0.788 seconds
Platform modules already initialized, skipping
========================================================================
Worker process is ready to serve import requests
Launched and connected shader compiler UnityShaderCompiler.exe after 0.05 seconds
Refreshing native plugins compatible for Editor in 0.18 ms, found 0 plugins.
Preloading 0 native plugins for Editor in 0.00 ms.
Unloading 1115 Unused Serialized files (Serialized files now loaded: 0)
System memory in use before: 57.6 MB.
System memory in use after: 57.6 MB.

Unloading 10 unused Assets to reduce memory usage. Loaded Objects now: 1557.
Total: 1.521100 ms (FindLiveObjects: 0.149800 ms CreateObjectMapping: 0.094500 ms MarkObjects: 1.208200 ms  DeleteObjects: 0.068000 ms)

========================================================================
Received Import Request.
  path: Assets
  artifactKey: Guid(00000000000000001000000000000000) Importer(815301076,1909f56bfc062723c751e8b465ee728b)
Start importing Assets using Guid(00000000000000001000000000000000) Importer(815301076,1909f56bfc062723c751e8b465ee728b)  -> (artifact id: 'e4856052512617ee48189cf1d7999900') in 0.009669 seconds
  Import took 0.037850 seconds .

========================================================================
Received Import Request.
  Time since last request: 6.251481 seconds.
  path: Assets/AmarilloEstrella.mat
  artifactKey: Guid(1bdc9460b25f1e247b097ca345dd39fc) Importer(815301076,1909f56bfc062723c751e8b465ee728b)
Start importing Assets/AmarilloEstrella.mat using Guid(1bdc9460b25f1e247b097ca345dd39fc) Importer(815301076,1909f56bfc062723c751e8b465ee728b)  -> (artifact id: '95cb99c77cd5e527a03f23aab6700f74') in 0.119476 seconds
  Import took 0.129410 seconds .

========================================================================
Received Prepare
Registering precompiled user dll's ...
Registered in 0.000543 seconds.
Begin MonoManager ReloadAssembly
Native extension for WindowsStandalone target not found
Refreshing native plugins compatible for Editor in 0.23 ms, found 0 plugins.
Preloading 0 native plugins for Editor in 0.00 ms.
Mono: successfully reloaded assembly
- Completed reload, in  0.747 seconds
Platform modules already initialized, skipping
Refreshing native plugins compatible for Editor in 0.20 ms, found 0 plugins.
Preloading 0 native plugins for Editor in 0.00 ms.
Unloading 1110 Unused Serialized files (Serialized files now loaded: 0)
System memory in use before: 60.8 MB.
System memory in use after: 60.9 MB.

Unloading 5 unused Assets to reduce memory usage. Loaded Objects now: 1600.
Total: 1.473500 ms (FindLiveObjects: 0.131200 ms CreateObjectMapping: 0.039400 ms MarkObjects: 1.259600 ms  DeleteObjects: 0.042000 ms)

========================================================================
Received Import Request.
  Time since last request: 447.435511 seconds.
  path: Assets/marte.jpg
  artifactKey: Guid(893fdba7eedc1ac4587dd3ec4b421a32) Importer(815301076,1909f56bfc062723c751e8b465ee728b)
Start importing Assets/marte.jpg using Guid(893fdba7eedc1ac4587dd3ec4b421a32) Importer(815301076,1909f56bfc062723c751e8b465ee728b)  -> (artifact id: '5fc67c642146870384a038672cd77f43') in 0.074730 seconds
  Import took 0.131298 seconds .

========================================================================
Received Import Request.
  Time since last request: 4.039270 seconds.
  path: Assets/planet1.jpg
  artifactKey: Guid(a8d4902702afcbe44a8e262714e0b912) Importer(815301076,1909f56bfc062723c751e8b465ee728b)
Start importing Assets/planet1.jpg using Guid(a8d4902702afcbe44a8e262714e0b912) Importer(815301076,1909f56bfc062723c751e8b465ee728b)  -> (artifact id: '2459b77da49a61ec25ea75e86d0f86e4') in 0.011897 seconds
  Import took 0.013886 seconds .

========================================================================
Received Import Request.
  Time since last request: 4.641126 seconds.
  path: Assets/textura_tierra-.jpg
  artifactKey: Guid(d351b7c340b3aac448bca2ef0a4b1b37) Importer(815301076,1909f56bfc062723c751e8b465ee728b)
Start importing Assets/textura_tierra-.jpg using Guid(d351b7c340b3aac448bca2ef0a4b1b37) Importer(815301076,1909f56bfc062723c751e8b465ee728b)  -> (artifact id: '86cd70df8fd83ce3616a2f00b235220c') in 0.015741 seconds
  Import took 0.022189 seconds .

========================================================================
Received Import Request.
  Time since last request: 39.894875 seconds.
  path: Assets/planet1.mat
  artifactKey: Guid(a73f0940ed430184baa4ebef08dbafab) Importer(815301076,1909f56bfc062723c751e8b465ee728b)
Start importing Assets/planet1.mat using Guid(a73f0940ed430184baa4ebef08dbafab) Importer(815301076,1909f56bfc062723c751e8b465ee728b)  -> (artifact id: '11bb8d90912ebaf8bf09cc702af4b12c') in 0.034737 seconds
  Import took 0.063944 seconds .

========================================================================
Received Import Request.
  Time since last request: 40.909074 seconds.
  path: Assets/AmarilloEstrella.mat
  artifactKey: Guid(1bdc9460b25f1e247b097ca345dd39fc) Importer(815301076,1909f56bfc062723c751e8b465ee728b)
Start importing Assets/AmarilloEstrella.mat using Guid(1bdc9460b25f1e247b097ca345dd39fc) Importer(815301076,1909f56bfc062723c751e8b465ee728b)  -> (artifact id: '7225283fa23ad71cc0b10e2c0c7e2632') in 0.015464 seconds
  Import took 0.017212 seconds .

========================================================================
Received Import Request.
  Time since last request: 0.000238 seconds.
  path: Assets/planet1.mat
  artifactKey: Guid(a73f0940ed430184baa4ebef08dbafab) Importer(815301076,1909f56bfc062723c751e8b465ee728b)
Start importing Assets/planet1.mat using Guid(a73f0940ed430184baa4ebef08dbafab) Importer(815301076,1909f56bfc062723c751e8b465ee728b)  -> (artifact id: '1bd41ee8bd804b5c891acf279f1967d3') in 0.013677 seconds
  Import took 0.015362 seconds .

========================================================================
Received Import Request.
  Time since last request: 0.574028 seconds.
  path: Assets/planet1 1.mat
  artifactKey: Guid(7ded2682fd2676645a3c2fa94d9b07e9) Importer(815301076,1909f56bfc062723c751e8b465ee728b)
Start importing Assets/planet1 1.mat using Guid(7ded2682fd2676645a3c2fa94d9b07e9) Importer(815301076,1909f56bfc062723c751e8b465ee728b)  -> (artifact id: '392805b73f6661b49bb5e57475740890') in 0.012790 seconds
  Import took 0.160444 seconds .

========================================================================
Received Import Request.
  Time since last request: 64.962767 seconds.
  path: Assets/RotacionPlaneta.cs
  artifactKey: Guid(657ae000d3aeb4045a5ce8e30ca816ba) Importer(815301076,1909f56bfc062723c751e8b465ee728b)
Start importing Assets/RotacionPlaneta.cs using Guid(657ae000d3aeb4045a5ce8e30ca816ba) Importer(815301076,1909f56bfc062723c751e8b465ee728b)  -> (artifact id: 'b7499bfc19ce2ad0117b383c6ceddef2') in 0.012730 seconds
  Import took 0.014566 seconds .

========================================================================
Received Prepare
Registering precompiled user dll's ...
Registered in 0.000460 seconds.
Begin MonoManager ReloadAssembly
Native extension for WindowsStandalone target not found
Refreshing native plugins compatible for Editor in 0.19 ms, found 0 plugins.
Preloading 0 native plugins for Editor in 0.00 ms.
Mono: successfully reloaded assembly
- Completed reload, in  0.728 seconds
Platform modules already initialized, skipping
Refreshing native plugins compatible for Editor in 0.21 ms, found 0 plugins.
Preloading 0 native plugins for Editor in 0.00 ms.
Unloading 1111 Unused Serialized files (Serialized files now loaded: 0)
System memory in use before: 62.3 MB.
System memory in use after: 62.4 MB.

Unloading 5 unused Assets to reduce memory usage. Loaded Objects now: 1612.
Total: 1.968400 ms (FindLiveObjects: 0.236000 ms CreateObjectMapping: 0.082200 ms MarkObjects: 1.590300 ms  DeleteObjects: 0.058500 ms)

========================================================================
Received Prepare
Registering precompiled user dll's ...
Registered in 0.000500 seconds.
Begin MonoManager ReloadAssembly
Native extension for WindowsStandalone target not found
Refreshing native plugins compatible for Editor in 0.18 ms, found 0 plugins.
Preloading 0 native plugins for Editor in 0.00 ms.
Mono: successfully reloaded assembly
- Completed reload, in  0.701 seconds
Platform modules already initialized, skipping
Refreshing native plugins compatible for Editor in 0.19 ms, found 0 plugins.
Preloading 0 native plugins for Editor in 0.00 ms.
Unloading 1111 Unused Serialized files (Serialized files now loaded: 0)
System memory in use before: 62.3 MB.
System memory in use after: 62.4 MB.

Unloading 5 unused Assets to reduce memory usage. Loaded Objects now: 1615.
Total: 1.465600 ms (FindLiveObjects: 0.149100 ms CreateObjectMapping: 0.052200 ms MarkObjects: 1.216500 ms  DeleteObjects: 0.046600 ms)

========================================================================
Received Import Request.
  Time since last request: 151.609590 seconds.
  path: Assets/RotacionPlaneta.cs
  artifactKey: Guid(657ae000d3aeb4045a5ce8e30ca816ba) Importer(815301076,1909f56bfc062723c751e8b465ee728b)
Start importing Assets/RotacionPlaneta.cs using Guid(657ae000d3aeb4045a5ce8e30ca816ba) Importer(815301076,1909f56bfc062723c751e8b465ee728b)  -> (artifact id: '6e04b57066d577b20e2d7f0acecea83d') in 0.004327 seconds
  Import took 0.031641 seconds .

========================================================================
Received Prepare
Registering precompiled user dll's ...
Registered in 0.000523 seconds.
Begin MonoManager ReloadAssembly
Native extension for WindowsStandalone target not found
Refreshing native plugins compatible for Editor in 0.18 ms, found 0 plugins.
Preloading 0 native plugins for Editor in 0.00 ms.
Mono: successfully reloaded assembly
- Completed reload, in  0.721 seconds
Platform modules already initialized, skipping
Refreshing native plugins compatible for Editor in 0.18 ms, found 0 plugins.
Preloading 0 native plugins for Editor in 0.00 ms.
Unloading 1111 Unused Serialized files (Serialized files now loaded: 0)
System memory in use before: 62.3 MB.
System memory in use after: 62.4 MB.

Unloading 5 unused Assets to reduce memory usage. Loaded Objects now: 1618.
Total: 1.496300 ms (FindLiveObjects: 0.141300 ms CreateObjectMapping: 0.082800 ms MarkObjects: 1.227400 ms  DeleteObjects: 0.043800 ms)

========================================================================
Received Import Request.
  Time since last request: 53.987357 seconds.
  path: Assets/TranslacionPlaneta.cs
  artifactKey: Guid(e8aabb3cc7360de48a7b4c429b0d8033) Importer(815301076,1909f56bfc062723c751e8b465ee728b)
Start importing Assets/TranslacionPlaneta.cs using Guid(e8aabb3cc7360de48a7b4c429b0d8033) Importer(815301076,1909f56bfc062723c751e8b465ee728b)  -> (artifact id: 'd92e3aacc0e38543220e5b5ebd0f3f91') in 0.008341 seconds
  Import took 0.010647 seconds .

========================================================================
Received Prepare
Registering precompiled user dll's ...
Registered in 0.000490 seconds.
Begin MonoManager ReloadAssembly
Native extension for WindowsStandalone target not found
Refreshing native plugins compatible for Editor in 0.19 ms, found 0 plugins.
Preloading 0 native plugins for Editor in 0.00 ms.
Mono: successfully reloaded assembly
- Completed reload, in  0.852 seconds
Platform modules already initialized, skipping
Refreshing native plugins compatible for Editor in 0.21 ms, found 0 plugins.
Preloading 0 native plugins for Editor in 0.00 ms.
Unloading 1112 Unused Serialized files (Serialized files now loaded: 0)
System memory in use before: 62.4 MB.
System memory in use after: 62.5 MB.

Unloading 5 unused Assets to reduce memory usage. Loaded Objects now: 1622.
Total: 2.102400 ms (FindLiveObjects: 0.129900 ms CreateObjectMapping: 0.032700 ms MarkObjects: 1.887200 ms  DeleteObjects: 0.050900 ms)

========================================================================
Received Prepare
Registering precompiled user dll's ...
Registered in 0.000554 seconds.
Begin MonoManager ReloadAssembly
Native extension for WindowsStandalone target not found
Refreshing native plugins compatible for Editor in 0.18 ms, found 0 plugins.
Preloading 0 native plugins for Editor in 0.00 ms.
Mono: successfully reloaded assembly
- Completed reload, in  0.712 seconds
Platform modules already initialized, skipping
Refreshing native plugins compatible for Editor in 0.18 ms, found 0 plugins.
Preloading 0 native plugins for Editor in 0.00 ms.
Unloading 1112 Unused Serialized files (Serialized files now loaded: 0)
System memory in use before: 62.4 MB.
System memory in use after: 62.5 MB.

Unloading 5 unused Assets to reduce memory usage. Loaded Objects now: 1625.
Total: 1.444300 ms (FindLiveObjects: 0.128300 ms CreateObjectMapping: 0.032000 ms MarkObjects: 1.238200 ms  DeleteObjects: 0.044900 ms)

========================================================================
Received Import Request.
  Time since last request: 44.034346 seconds.
  path: Assets/TranslacionPlaneta.cs
  artifactKey: Guid(e8aabb3cc7360de48a7b4c429b0d8033) Importer(815301076,1909f56bfc062723c751e8b465ee728b)
Start importing Assets/TranslacionPlaneta.cs using Guid(e8aabb3cc7360de48a7b4c429b0d8033) Importer(815301076,1909f56bfc062723c751e8b465ee728b)  -> (artifact id: '0568566696d277758a8d7ec379654c10') in 0.003176 seconds
  Import took 0.093373 seconds .

========================================================================
Received Prepare
Registering precompiled user dll's ...
Registered in 0.000493 seconds.
Begin MonoManager ReloadAssembly
Native extension for WindowsStandalone target not found
Refreshing native plugins compatible for Editor in 0.43 ms, found 0 plugins.
Preloading 0 native plugins for Editor in 0.00 ms.
Mono: successfully reloaded assembly
- Completed reload, in  0.766 seconds
Platform modules already initialized, skipping
Refreshing native plugins compatible for Editor in 0.18 ms, found 0 plugins.
Preloading 0 native plugins for Editor in 0.00 ms.
Unloading 1112 Unused Serialized files (Serialized files now loaded: 0)
System memory in use before: 62.4 MB.
System memory in use after: 62.5 MB.

Unloading 5 unused Assets to reduce memory usage. Loaded Objects now: 1628.
Total: 1.632600 ms (FindLiveObjects: 0.125800 ms CreateObjectMapping: 0.033900 ms MarkObjects: 1.422900 ms  DeleteObjects: 0.048300 ms)

========================================================================
Received Import Request.
  Time since last request: 425.953720 seconds.
  path: Assets/universojpg.jpg
  artifactKey: Guid(b548c92bea0e25f4f9e78915e09128d6) Importer(815301076,1909f56bfc062723c751e8b465ee728b)
Start importing Assets/universojpg.jpg using Guid(b548c92bea0e25f4f9e78915e09128d6) Importer(815301076,1909f56bfc062723c751e8b465ee728b)  -> (artifact id: '2ff306c4cadb2d1eb7ad6f02362bc80b') in 0.034333 seconds
  Import took 0.037599 seconds .

========================================================================
Received Import Request.
  Time since last request: 15.321247 seconds.
  path: Assets/skybox.mat
  artifactKey: Guid(62dd3aecb73d6994a97a540c84077a43) Importer(815301076,1909f56bfc062723c751e8b465ee728b)
Start importing Assets/skybox.mat using Guid(62dd3aecb73d6994a97a540c84077a43) Importer(815301076,1909f56bfc062723c751e8b465ee728b)  -> (artifact id: '024e49e8745f9d52e17e73a635545819') in 0.037499 seconds
  Import took 0.040322 seconds .

========================================================================
Received Prepare
Registering precompiled user dll's ...
Registered in 0.000559 seconds.
Begin MonoManager ReloadAssembly
Native extension for WindowsStandalone target not found
Refreshing native plugins compatible for Editor in 0.19 ms, found 0 plugins.
Preloading 0 native plugins for Editor in 0.00 ms.
Mono: successfully reloaded assembly
- Completed reload, in  0.680 seconds
Platform modules already initialized, skipping
Refreshing native plugins compatible for Editor in 0.18 ms, found 0 plugins.
Preloading 0 native plugins for Editor in 0.00 ms.
Unloading 1112 Unused Serialized files (Serialized files now loaded: 0)
System memory in use before: 62.5 MB.
System memory in use after: 62.5 MB.

Unloading 5 unused Assets to reduce memory usage. Loaded Objects now: 1632.
Total: 1.540100 ms (FindLiveObjects: 0.124300 ms CreateObjectMapping: 0.032200 ms MarkObjects: 1.337700 ms  DeleteObjects: 0.044800 ms)

========================================================================
Received Import Request.
  Time since last request: 124.915437 seconds.
  path: Assets/univer2.jpg
  artifactKey: Guid(81713ab9ccac5fb4bb18d3e72e83b4fd) Importer(815301076,1909f56bfc062723c751e8b465ee728b)
Start importing Assets/univer2.jpg using Guid(81713ab9ccac5fb4bb18d3e72e83b4fd) Importer(815301076,1909f56bfc062723c751e8b465ee728b)  -> (artifact id: '96ee0a161d20146fdcc9b1ba49c287be') in 0.032859 seconds
  Import took 0.034953 seconds .

========================================================================
Received Import Request.
  Time since last request: 0.012031 seconds.
  path: Assets/univer2.jpg
  artifactKey: Guid(81713ab9ccac5fb4bb18d3e72e83b4fd) Importer(815301076,1909f56bfc062723c751e8b465ee728b)
Start importing Assets/univer2.jpg using Guid(81713ab9ccac5fb4bb18d3e72e83b4fd) Importer(815301076,1909f56bfc062723c751e8b465ee728b)  -> (artifact id: '96ee0a161d20146fdcc9b1ba49c287be') in 0.007953 seconds
  Import took 0.009750 seconds .

========================================================================
Received Prepare
Registering precompiled user dll's ...
Registered in 0.000507 seconds.
Begin MonoManager ReloadAssembly
Native extension for WindowsStandalone target not found
Refreshing native plugins compatible for Editor in 0.21 ms, found 0 plugins.
Preloading 0 native plugins for Editor in 0.00 ms.
Mono: successfully reloaded assembly
- Completed reload, in  0.749 seconds
Platform modules already initialized, skipping
Refreshing native plugins compatible for Editor in 0.18 ms, found 0 plugins.
Preloading 0 native plugins for Editor in 0.00 ms.
Unloading 1112 Unused Serialized files (Serialized files now loaded: 0)
System memory in use before: 62.5 MB.
System memory in use after: 62.5 MB.

Unloading 5 unused Assets to reduce memory usage. Loaded Objects now: 1635.
Total: 1.405200 ms (FindLiveObjects: 0.137500 ms CreateObjectMapping: 0.040800 ms MarkObjects: 1.181700 ms  DeleteObjects: 0.043900 ms)

========================================================================
Received Prepare
Registering precompiled user dll's ...
Registered in 0.000517 seconds.
Begin MonoManager ReloadAssembly
Native extension for WindowsStandalone target not found
Refreshing native plugins compatible for Editor in 0.19 ms, found 0 plugins.
Preloading 0 native plugins for Editor in 0.00 ms.
Mono: successfully reloaded assembly
- Completed reload, in  0.916 seconds
Platform modules already initialized, skipping
Refreshing native plugins compatible for Editor in 0.21 ms, found 0 plugins.
Preloading 0 native plugins for Editor in 0.00 ms.
Unloading 1112 Unused Serialized files (Serialized files now loaded: 0)
System memory in use before: 62.5 MB.
System memory in use after: 62.5 MB.

Unloading 5 unused Assets to reduce memory usage. Loaded Objects now: 1638.
Total: 2.002000 ms (FindLiveObjects: 0.154400 ms CreateObjectMapping: 0.044700 ms MarkObjects: 1.756600 ms  DeleteObjects: 0.044800 ms)

========================================================================
Received Prepare
Registering precompiled user dll's ...
Registered in 0.000505 seconds.
Begin MonoManager ReloadAssembly
Native extension for WindowsStandalone target not found
Refreshing native plugins compatible for Editor in 0.19 ms, found 0 plugins.
Preloading 0 native plugins for Editor in 0.00 ms.
Mono: successfully reloaded assembly
- Completed reload, in  0.741 seconds
Platform modules already initialized, skipping
Refreshing native plugins compatible for Editor in 0.20 ms, found 0 plugins.
Preloading 0 native plugins for Editor in 0.00 ms.
Unloading 1112 Unused Serialized files (Serialized files now loaded: 0)
System memory in use before: 62.5 MB.
System memory in use after: 62.5 MB.

Unloading 5 unused Assets to reduce memory usage. Loaded Objects now: 1641.
Total: 2.028700 ms (FindLiveObjects: 0.148000 ms CreateObjectMapping: 0.039400 ms MarkObjects: 1.780300 ms  DeleteObjects: 0.059100 ms)

========================================================================
Received Prepare
Registering precompiled user dll's ...
Registered in 0.000664 seconds.
Begin MonoManager ReloadAssembly
Native extension for WindowsStandalone target not found
Refreshing native plugins compatible for Editor in 0.19 ms, found 0 plugins.
Preloading 0 native plugins for Editor in 0.00 ms.
Mono: successfully reloaded assembly
- Completed reload, in  0.724 seconds
Platform modules already initialized, skipping
Refreshing native plugins compatible for Editor in 0.18 ms, found 0 plugins.
Preloading 0 native plugins for Editor in 0.00 ms.
Unloading 1112 Unused Serialized files (Serialized files now loaded: 0)
System memory in use before: 62.5 MB.
System memory in use after: 62.5 MB.

Unloading 5 unused Assets to reduce memory usage. Loaded Objects now: 1644.
Total: 1.708600 ms (FindLiveObjects: 0.198000 ms CreateObjectMapping: 0.071800 ms MarkObjects: 1.392600 ms  DeleteObjects: 0.045400 ms)

========================================================================
Received Import Request.
  Time since last request: 237.057276 seconds.
  path: Assets/planet3.mat
  artifactKey: Guid(7ded2682fd2676645a3c2fa94d9b07e9) Importer(815301076,1909f56bfc062723c751e8b465ee728b)
Start importing Assets/planet3.mat using Guid(7ded2682fd2676645a3c2fa94d9b07e9) Importer(815301076,1909f56bfc062723c751e8b465ee728b)  -> (artifact id: '4553ca6cd4050ebfe4f79bb19cc05bdf') in 0.053790 seconds
  Import took 0.056774 seconds .

========================================================================
Received Import Request.
  Time since last request: 0.000201 seconds.
  path: Assets/planet2.mat
  artifactKey: Guid(7e1884f5f9ea2aa4a8eb549ec8568281) Importer(815301076,1909f56bfc062723c751e8b465ee728b)
Start importing Assets/planet2.mat using Guid(7e1884f5f9ea2aa4a8eb549ec8568281) Importer(815301076,1909f56bfc062723c751e8b465ee728b)  -> (artifact id: 'e4804876171b45e2de3d0d7b2a479ce4') in 0.012954 seconds
  Import took 0.014623 seconds .

========================================================================
Received Import Request.
  Time since last request: 0.000183 seconds.
  path: Assets/skybox.mat
  artifactKey: Guid(62dd3aecb73d6994a97a540c84077a43) Importer(815301076,1909f56bfc062723c751e8b465ee728b)
Start importing Assets/skybox.mat using Guid(62dd3aecb73d6994a97a540c84077a43) Importer(815301076,1909f56bfc062723c751e8b465ee728b)  -> (artifact id: 'aca208b21ee1154a9a0089ee68204ae3') in 0.017675 seconds
  Import took 0.019842 seconds .

========================================================================
Received Prepare
Registering precompiled user dll's ...
Registered in 0.000581 seconds.
Begin MonoManager ReloadAssembly
Native extension for WindowsStandalone target not found
Refreshing native plugins compatible for Editor in 0.21 ms, found 0 plugins.
Preloading 0 native plugins for Editor in 0.00 ms.
Mono: successfully reloaded assembly
- Completed reload, in  0.963 seconds
Platform modules already initialized, skipping
Refreshing native plugins compatible for Editor in 0.19 ms, found 0 plugins.
Preloading 0 native plugins for Editor in 0.00 ms.
Unloading 1112 Unused Serialized files (Serialized files now loaded: 0)
System memory in use before: 62.6 MB.
System memory in use after: 62.7 MB.

Unloading 5 unused Assets to reduce memory usage. Loaded Objects now: 1649.
Total: 1.469400 ms (FindLiveObjects: 0.149700 ms CreateObjectMapping: 0.041600 ms MarkObjects: 1.223600 ms  DeleteObjects: 0.044900 ms)

AssetImportWorkerClient::OnTransportError - code=2 error=End of file
